Terminals unused in grammar

   Unknown_CHARACTER


Grammar

    0 $accept: root $end

    1 root: expression
    2     | error expression

    3 expression: expression AND expression
    4           | expression OR expression
    5           | expression EQ expression
    6           | expression NE expression
    7           | expression LE expression
    8           | expression GE expression
    9           | expression LT expression
   10           | expression GT expression
   11           | expression REGEXP expression
   12           | expression LIKE expression
   13           | expression IS expression
   14           | expression PLUS expression
   15           | expression MINUS expression
   16           | expression MUL expression
   17           | expression INTDIV expression
   18           | expression DIV expression
   19           | expression MOD expression
   20           | expression POW expression
   21           | expression CONCAT expression
   22           | NOT expression
   23           | '(' expression ')'
   24           | NAME '(' exp_list ')'
   25           | NAME '(' ')'
   26           | expression IN '(' exp_list ')'
   27           | expression NOT IN '(' exp_list ')'
   28           | expression '[' expression ']'
   29           | PLUS expression
   30           | MINUS expression
   31           | CASE when_then_clauses END
   32           | CASE when_then_clauses ELSE expression END
   33           | NAME
   34           | QUOTED_COLUMN_REF
   35           | SPECIAL_COL
   36           | VARIABLE
   37           | NUMBER_FLOAT
   38           | NUMBER_INT
   39           | BOOLEAN
   40           | STRING
   41           | NULLVALUE

   42 named_node: NAMED_NODE expression

   43 exp_list: exp_list COMMA expression
   44         | exp_list COMMA named_node
   45         | expression
   46         | named_node

   47 when_then_clauses: when_then_clauses when_then_clause
   48                  | when_then_clause

   49 when_then_clause: WHEN expression THEN expression


Terminals, with rules where they appear

$end (0) 0
'(' (40) 23 24 25 26 27
')' (41) 23 24 25 26 27
'[' (91) 28
']' (93) 28
error (256) 2
OR (258) 4
AND (259) 3
EQ (260) 5
NE (261) 6
LE (262) 7
GE (263) 8
LT (264) 9
GT (265) 10
REGEXP (266) 11
LIKE (267) 12
IS (268) 13
PLUS (269) 14 29
MINUS (270) 15 30
MUL (271) 16
DIV (272) 18
INTDIV (273) 17
MOD (274) 19
CONCAT (275) 21
POW (276) 20
NOT (277) 22 27
IN (278) 26 27
NUMBER_FLOAT (279) 37
NUMBER_INT (280) 38
BOOLEAN (281) 39
NULLVALUE (282) 41
CASE (283) 31 32
WHEN (284) 49
THEN (285) 49
ELSE (286) 32
END (287) 31 32
STRING (288) 40
QUOTED_COLUMN_REF (289) 34
NAME (290) 24 25 33
SPECIAL_COL (291) 35
VARIABLE (292) 36
NAMED_NODE (293) 42
COMMA (294) 43 44
Unknown_CHARACTER (295)
UMINUS (296)


Nonterminals, with rules where they appear

$accept (46)
    on left: 0
root (47)
    on left: 1 2, on right: 0
expression (48)
    on left: 3 4 5 6 7 8 9 10 11 12 13 14 15 16 17 18 19 20 21 22 23
    24 25 26 27 28 29 30 31 32 33 34 35 36 37 38 39 40 41, on right:
    1 2 3 4 5 6 7 8 9 10 11 12 13 14 15 16 17 18 19 20 21 22 23 26
    27 28 29 30 32 42 43 45 49
named_node (49)
    on left: 42, on right: 44 46
exp_list (50)
    on left: 43 44 45 46, on right: 24 26 27 43 44
when_then_clauses (51)
    on left: 47 48, on right: 31 32 47
when_then_clause (52)
    on left: 49, on right: 47 48


State 0

    0 $accept: . root $end

    error              shift, and go to state 1
    PLUS               shift, and go to state 2
    MINUS              shift, and go to state 3
    NOT                shift, and go to state 4
    NUMBER_FLOAT       shift, and go to state 5
    NUMBER_INT         shift, and go to state 6
    BOOLEAN            shift, and go to state 7
    NULLVALUE          shift, and go to state 8
    CASE               shift, and go to state 9
    STRING             shift, and go to state 10
    QUOTED_COLUMN_REF  shift, and go to state 11
    NAME               shift, and go to state 12
    SPECIAL_COL        shift, and go to state 13
    VARIABLE           shift, and go to state 14
    '('                shift, and go to state 15

    root        go to state 16
    expression  go to state 17


State 1

    2 root: error . expression

    PLUS               shift, and go to state 2
    MINUS              shift, and go to state 3
    NOT                shift, and go to state 4
    NUMBER_FLOAT       shift, and go to state 5
    NUMBER_INT         shift, and go to state 6
    BOOLEAN            shift, and go to state 7
    NULLVALUE          shift, and go to state 8
    CASE               shift, and go to state 9
    STRING             shift, and go to state 10
    QUOTED_COLUMN_REF  shift, and go to state 11
    NAME               shift, and go to state 12
    SPECIAL_COL        shift, and go to state 13
    VARIABLE           shift, and go to state 14
    '('                shift, and go to state 15

    expression  go to state 18


State 2

   29 expression: PLUS . expression

    PLUS               shift, and go to state 2
    MINUS              shift, and go to state 3
    NOT                shift, and go to state 4
    NUMBER_FLOAT       shift, and go to state 5
    NUMBER_INT         shift, and go to state 6
    BOOLEAN            shift, and go to state 7
    NULLVALUE          shift, and go to state 8
    CASE               shift, and go to state 9
    STRING             shift, and go to state 10
    QUOTED_COLUMN_REF  shift, and go to state 11
    NAME               shift, and go to state 12
    SPECIAL_COL        shift, and go to state 13
    VARIABLE           shift, and go to state 14
    '('                shift, and go to state 15

    expression  go to state 19


State 3

   30 expression: MINUS . expression

    PLUS               shift, and go to state 2
    MINUS              shift, and go to state 3
    NOT                shift, and go to state 4
    NUMBER_FLOAT       shift, and go to state 5
    NUMBER_INT         shift, and go to state 6
    BOOLEAN            shift, and go to state 7
    NULLVALUE          shift, and go to state 8
    CASE               shift, and go to state 9
    STRING             shift, and go to state 10
    QUOTED_COLUMN_REF  shift, and go to state 11
    NAME               shift, and go to state 12
    SPECIAL_COL        shift, and go to state 13
    VARIABLE           shift, and go to state 14
    '('                shift, and go to state 15

    expression  go to state 20


State 4

   22 expression: NOT . expression

    PLUS               shift, and go to state 2
    MINUS              shift, and go to state 3
    NOT                shift, and go to state 4
    NUMBER_FLOAT       shift, and go to state 5
    NUMBER_INT         shift, and go to state 6
    BOOLEAN            shift, and go to state 7
    NULLVALUE          shift, and go to state 8
    CASE               shift, and go to state 9
    STRING             shift, and go to state 10
    QUOTED_COLUMN_REF  shift, and go to state 11
    NAME               shift, and go to state 12
    SPECIAL_COL        shift, and go to state 13
    VARIABLE           shift, and go to state 14
    '('                shift, and go to state 15

    expression  go to state 21


State 5

   37 expression: NUMBER_FLOAT .

    $default  reduce using rule 37 (expression)


State 6

   38 expression: NUMBER_INT .

    $default  reduce using rule 38 (expression)


State 7

   39 expression: BOOLEAN .

    $default  reduce using rule 39 (expression)


State 8

   41 expression: NULLVALUE .

    $default  reduce using rule 41 (expression)


State 9

   31 expression: CASE . when_then_clauses END
   32           | CASE . when_then_clauses ELSE expression END

    WHEN  shift, and go to state 22

    when_then_clauses  go to state 23
    when_then_clause   go to state 24


State 10

   40 expression: STRING .

    $default  reduce using rule 40 (expression)


State 11

   34 expression: QUOTED_COLUMN_REF .

    $default  reduce using rule 34 (expression)


State 12

   24 expression: NAME . '(' exp_list ')'
   25           | NAME . '(' ')'
   33           | NAME .

    '('  shift, and go to state 25

    $default  reduce using rule 33 (expression)


State 13

   35 expression: SPECIAL_COL .

    $default  reduce using rule 35 (expression)


State 14

   36 expression: VARIABLE .

    $default  reduce using rule 36 (expression)


State 15

   23 expression: '(' . expression ')'

    PLUS               shift, and go to state 2
    MINUS              shift, and go to state 3
    NOT                shift, and go to state 4
    NUMBER_FLOAT       shift, and go to state 5
    NUMBER_INT         shift, and go to state 6
    BOOLEAN            shift, and go to state 7
    NULLVALUE          shift, and go to state 8
    CASE               shift, and go to state 9
    STRING             shift, and go to state 10
    QUOTED_COLUMN_REF  shift, and go to state 11
    NAME               shift, and go to state 12
    SPECIAL_COL        shift, and go to state 13
    VARIABLE           shift, and go to state 14
    '('                shift, and go to state 15

    expression  go to state 26


State 16

    0 $accept: root . $end

    $end  shift, and go to state 27


State 17

    1 root: expression .
    3 expression: expression . AND expression
    4           | expression . OR expression
    5           | expression . EQ expression
    6           | expression . NE expression
    7           | expression . LE expression
    8           | expression . GE expression
    9           | expression . LT expression
   10           | expression . GT expression
   11           | expression . REGEXP expression
   12           | expression . LIKE expression
   13           | expression . IS expression
   14           | expression . PLUS expression
   15           | expression . MINUS expression
   16           | expression . MUL expression
   17           | expression . INTDIV expression
   18           | expression . DIV expression
   19           | expression . MOD expression
   20           | expression . POW expression
   21           | expression . CONCAT expression
   26           | expression . IN '(' exp_list ')'
   27           | expression . NOT IN '(' exp_list ')'
   28           | expression . '[' expression ']'

    OR      shift, and go to state 28
    AND     shift, and go to state 29
    EQ      shift, and go to state 30
    NE      shift, and go to state 31
    LE      shift, and go to state 32
    GE      shift, and go to state 33
    LT      shift, and go to state 34
    GT      shift, and go to state 35
    REGEXP  shift, and go to state 36
    LIKE    shift, and go to state 37
    IS      shift, and go to state 38
    PLUS    shift, and go to state 39
    MINUS   shift, and go to state 40
    MUL     shift, and go to state 41
    DIV     shift, and go to state 42
    INTDIV  shift, and go to state 43
    MOD     shift, and go to state 44
    CONCAT  shift, and go to state 45
    POW     shift, and go to state 46
    NOT     shift, and go to state 47
    IN      shift, and go to state 48
    '['     shift, and go to state 49

    $default  reduce using rule 1 (root)


State 18

    2 root: error expression .
    3 expression: expression . AND expression
    4           | expression . OR expression
    5           | expression . EQ expression
    6           | expression . NE expression
    7           | expression . LE expression
    8           | expression . GE expression
    9           | expression . LT expression
   10           | expression . GT expression
   11           | expression . REGEXP expression
   12           | expression . LIKE expression
   13           | expression . IS expression
   14           | expression . PLUS expression
   15           | expression . MINUS expression
   16           | expression . MUL expression
   17           | expression . INTDIV expression
   18           | expression . DIV expression
   19           | expression . MOD expression
   20           | expression . POW expression
   21           | expression . CONCAT expression
   26           | expression . IN '(' exp_list ')'
   27           | expression . NOT IN '(' exp_list ')'
   28           | expression . '[' expression ']'

    OR      shift, and go to state 28
    AND     shift, and go to state 29
    EQ      shift, and go to state 30
    NE      shift, and go to state 31
    LE      shift, and go to state 32
    GE      shift, and go to state 33
    LT      shift, and go to state 34
    GT      shift, and go to state 35
    REGEXP  shift, and go to state 36
    LIKE    shift, and go to state 37
    IS      shift, and go to state 38
    PLUS    shift, and go to state 39
    MINUS   shift, and go to state 40
    MUL     shift, and go to state 41
    DIV     shift, and go to state 42
    INTDIV  shift, and go to state 43
    MOD     shift, and go to state 44
    CONCAT  shift, and go to state 45
    POW     shift, and go to state 46
    NOT     shift, and go to state 47
    IN      shift, and go to state 48
    '['     shift, and go to state 49

    $default  reduce using rule 2 (root)


State 19

    3 expression: expression . AND expression
    4           | expression . OR expression
    5           | expression . EQ expression
    6           | expression . NE expression
    7           | expression . LE expression
    8           | expression . GE expression
    9           | expression . LT expression
   10           | expression . GT expression
   11           | expression . REGEXP expression
   12           | expression . LIKE expression
   13           | expression . IS expression
   14           | expression . PLUS expression
   15           | expression . MINUS expression
   16           | expression . MUL expression
   17           | expression . INTDIV expression
   18           | expression . DIV expression
   19           | expression . MOD expression
   20           | expression . POW expression
   21           | expression . CONCAT expression
   26           | expression . IN '(' exp_list ')'
   27           | expression . NOT IN '(' exp_list ')'
   28           | expression . '[' expression ']'
   29           | PLUS expression .

    '['  shift, and go to state 49

    $default  reduce using rule 29 (expression)


State 20

    3 expression: expression . AND expression
    4           | expression . OR expression
    5           | expression . EQ expression
    6           | expression . NE expression
    7           | expression . LE expression
    8           | expression . GE expression
    9           | expression . LT expression
   10           | expression . GT expression
   11           | expression . REGEXP expression
   12           | expression . LIKE expression
   13           | expression . IS expression
   14           | expression . PLUS expression
   15           | expression . MINUS expression
   16           | expression . MUL expression
   17           | expression . INTDIV expression
   18           | expression . DIV expression
   19           | expression . MOD expression
   20           | expression . POW expression
   21           | expression . CONCAT expression
   26           | expression . IN '(' exp_list ')'
   27           | expression . NOT IN '(' exp_list ')'
   28           | expression . '[' expression ']'
   30           | MINUS expression .

    '['  shift, and go to state 49

    $default  reduce using rule 30 (expression)


State 21

    3 expression: expression . AND expression
    4           | expression . OR expression
    5           | expression . EQ expression
    6           | expression . NE expression
    7           | expression . LE expression
    8           | expression . GE expression
    9           | expression . LT expression
   10           | expression . GT expression
   11           | expression . REGEXP expression
   12           | expression . LIKE expression
   13           | expression . IS expression
   14           | expression . PLUS expression
   15           | expression . MINUS expression
   16           | expression . MUL expression
   17           | expression . INTDIV expression
   18           | expression . DIV expression
   19           | expression . MOD expression
   20           | expression . POW expression
   21           | expression . CONCAT expression
   22           | NOT expression .
   26           | expression . IN '(' exp_list ')'
   27           | expression . NOT IN '(' exp_list ')'
   28           | expression . '[' expression ']'

    EQ      shift, and go to state 30
    NE      shift, and go to state 31
    LE      shift, and go to state 32
    GE      shift, and go to state 33
    LT      shift, and go to state 34
    GT      shift, and go to state 35
    REGEXP  shift, and go to state 36
    LIKE    shift, and go to state 37
    IS      shift, and go to state 38
    PLUS    shift, and go to state 39
    MINUS   shift, and go to state 40
    MUL     shift, and go to state 41
    DIV     shift, and go to state 42
    INTDIV  shift, and go to state 43
    MOD     shift, and go to state 44
    CONCAT  shift, and go to state 45
    POW     shift, and go to state 46
    NOT     shift, and go to state 47
    IN      shift, and go to state 48
    '['     shift, and go to state 49

    $default  reduce using rule 22 (expression)


State 22

   49 when_then_clause: WHEN . expression THEN expression

    PLUS               shift, and go to state 2
    MINUS              shift, and go to state 3
    NOT                shift, and go to state 4
    NUMBER_FLOAT       shift, and go to state 5
    NUMBER_INT         shift, and go to state 6
    BOOLEAN            shift, and go to state 7
    NULLVALUE          shift, and go to state 8
    CASE               shift, and go to state 9
    STRING             shift, and go to state 10
    QUOTED_COLUMN_REF  shift, and go to state 11
    NAME               shift, and go to state 12
    SPECIAL_COL        shift, and go to state 13
    VARIABLE           shift, and go to state 14
    '('                shift, and go to state 15

    expression  go to state 50


State 23

   31 expression: CASE when_then_clauses . END
   32           | CASE when_then_clauses . ELSE expression END
   47 when_then_clauses: when_then_clauses . when_then_clause

    WHEN  shift, and go to state 22
    ELSE  shift, and go to state 51
    END   shift, and go to state 52

    when_then_clause  go to state 53


State 24

   48 when_then_clauses: when_then_clause .

    $default  reduce using rule 48 (when_then_clauses)


State 25

   24 expression: NAME '(' . exp_list ')'
   25           | NAME '(' . ')'

    PLUS               shift, and go to state 2
    MINUS              shift, and go to state 3
    NOT                shift, and go to state 4
    NUMBER_FLOAT       shift, and go to state 5
    NUMBER_INT         shift, and go to state 6
    BOOLEAN            shift, and go to state 7
    NULLVALUE          shift, and go to state 8
    CASE               shift, and go to state 9
    STRING             shift, and go to state 10
    QUOTED_COLUMN_REF  shift, and go to state 11
    NAME               shift, and go to state 12
    SPECIAL_COL        shift, and go to state 13
    VARIABLE           shift, and go to state 14
    NAMED_NODE         shift, and go to state 54
    '('                shift, and go to state 15
    ')'                shift, and go to state 55

    expression  go to state 56
    named_node  go to state 57
    exp_list    go to state 58


State 26

    3 expression: expression . AND expression
    4           | expression . OR expression
    5           | expression . EQ expression
    6           | expression . NE expression
    7           | expression . LE expression
    8           | expression . GE expression
    9           | expression . LT expression
   10           | expression . GT expression
   11           | expression . REGEXP expression
   12           | expression . LIKE expression
   13           | expression . IS expression
   14           | expression . PLUS expression
   15           | expression . MINUS expression
   16           | expression . MUL expression
   17           | expression . INTDIV expression
   18           | expression . DIV expression
   19           | expression . MOD expression
   20           | expression . POW expression
   21           | expression . CONCAT expression
   23           | '(' expression . ')'
   26           | expression . IN '(' exp_list ')'
   27           | expression . NOT IN '(' exp_list ')'
   28           | expression . '[' expression ']'

    OR      shift, and go to state 28
    AND     shift, and go to state 29
    EQ      shift, and go to state 30
    NE      shift, and go to state 31
    LE      shift, and go to state 32
    GE      shift, and go to state 33
    LT      shift, and go to state 34
    GT      shift, and go to state 35
    REGEXP  shift, and go to state 36
    LIKE    shift, and go to state 37
    IS      shift, and go to state 38
    PLUS    shift, and go to state 39
    MINUS   shift, and go to state 40
    MUL     shift, and go to state 41
    DIV     shift, and go to state 42
    INTDIV  shift, and go to state 43
    MOD     shift, and go to state 44
    CONCAT  shift, and go to state 45
    POW     shift, and go to state 46
    NOT     shift, and go to state 47
    IN      shift, and go to state 48
    '['     shift, and go to state 49
    ')'     shift, and go to state 59


State 27

    0 $accept: root $end .

    $default  accept


State 28

    4 expression: expression OR . expression

    PLUS               shift, and go to state 2
    MINUS              shift, and go to state 3
    NOT                shift, and go to state 4
    NUMBER_FLOAT       shift, and go to state 5
    NUMBER_INT         shift, and go to state 6
    BOOLEAN            shift, and go to state 7
    NULLVALUE          shift, and go to state 8
    CASE               shift, and go to state 9
    STRING             shift, and go to state 10
    QUOTED_COLUMN_REF  shift, and go to state 11
    NAME               shift, and go to state 12
    SPECIAL_COL        shift, and go to state 13
    VARIABLE           shift, and go to state 14
    '('                shift, and go to state 15

    expression  go to state 60


State 29

    3 expression: expression AND . expression

    PLUS               shift, and go to state 2
    MINUS              shift, and go to state 3
    NOT                shift, and go to state 4
    NUMBER_FLOAT       shift, and go to state 5
    NUMBER_INT         shift, and go to state 6
    BOOLEAN            shift, and go to state 7
    NULLVALUE          shift, and go to state 8
    CASE               shift, and go to state 9
    STRING             shift, and go to state 10
    QUOTED_COLUMN_REF  shift, and go to state 11
    NAME               shift, and go to state 12
    SPECIAL_COL        shift, and go to state 13
    VARIABLE           shift, and go to state 14
    '('                shift, and go to state 15

    expression  go to state 61


State 30

    5 expression: expression EQ . expression

    PLUS               shift, and go to state 2
    MINUS              shift, and go to state 3
    NOT                shift, and go to state 4
    NUMBER_FLOAT       shift, and go to state 5
    NUMBER_INT         shift, and go to state 6
    BOOLEAN            shift, and go to state 7
    NULLVALUE          shift, and go to state 8
    CASE               shift, and go to state 9
    STRING             shift, and go to state 10
    QUOTED_COLUMN_REF  shift, and go to state 11
    NAME               shift, and go to state 12
    SPECIAL_COL        shift, and go to state 13
    VARIABLE           shift, and go to state 14
    '('                shift, and go to state 15

    expression  go to state 62


State 31

    6 expression: expression NE . expression

    PLUS               shift, and go to state 2
    MINUS              shift, and go to state 3
    NOT                shift, and go to state 4
    NUMBER_FLOAT       shift, and go to state 5
    NUMBER_INT         shift, and go to state 6
    BOOLEAN            shift, and go to state 7
    NULLVALUE          shift, and go to state 8
    CASE               shift, and go to state 9
    STRING             shift, and go to state 10
    QUOTED_COLUMN_REF  shift, and go to state 11
    NAME               shift, and go to state 12
    SPECIAL_COL        shift, and go to state 13
    VARIABLE           shift, and go to state 14
    '('                shift, and go to state 15

    expression  go to state 63


State 32

    7 expression: expression LE . expression

    PLUS               shift, and go to state 2
    MINUS              shift, and go to state 3
    NOT                shift, and go to state 4
    NUMBER_FLOAT       shift, and go to state 5
    NUMBER_INT         shift, and go to state 6
    BOOLEAN            shift, and go to state 7
    NULLVALUE          shift, and go to state 8
    CASE               shift, and go to state 9
    STRING             shift, and go to state 10
    QUOTED_COLUMN_REF  shift, and go to state 11
    NAME               shift, and go to state 12
    SPECIAL_COL        shift, and go to state 13
    VARIABLE           shift, and go to state 14
    '('                shift, and go to state 15

    expression  go to state 64


State 33

    8 expression: expression GE . expression

    PLUS               shift, and go to state 2
    MINUS              shift, and go to state 3
    NOT                shift, and go to state 4
    NUMBER_FLOAT       shift, and go to state 5
    NUMBER_INT         shift, and go to state 6
    BOOLEAN            shift, and go to state 7
    NULLVALUE          shift, and go to state 8
    CASE               shift, and go to state 9
    STRING             shift, and go to state 10
    QUOTED_COLUMN_REF  shift, and go to state 11
    NAME               shift, and go to state 12
    SPECIAL_COL        shift, and go to state 13
    VARIABLE           shift, and go to state 14
    '('                shift, and go to state 15

    expression  go to state 65


State 34

    9 expression: expression LT . expression

    PLUS               shift, and go to state 2
    MINUS              shift, and go to state 3
    NOT                shift, and go to state 4
    NUMBER_FLOAT       shift, and go to state 5
    NUMBER_INT         shift, and go to state 6
    BOOLEAN            shift, and go to state 7
    NULLVALUE          shift, and go to state 8
    CASE               shift, and go to state 9
    STRING             shift, and go to state 10
    QUOTED_COLUMN_REF  shift, and go to state 11
    NAME               shift, and go to state 12
    SPECIAL_COL        shift, and go to state 13
    VARIABLE           shift, and go to state 14
    '('                shift, and go to state 15

    expression  go to state 66


State 35

   10 expression: expression GT . expression

    PLUS               shift, and go to state 2
    MINUS              shift, and go to state 3
    NOT                shift, and go to state 4
    NUMBER_FLOAT       shift, and go to state 5
    NUMBER_INT         shift, and go to state 6
    BOOLEAN            shift, and go to state 7
    NULLVALUE          shift, and go to state 8
    CASE               shift, and go to state 9
    STRING             shift, and go to state 10
    QUOTED_COLUMN_REF  shift, and go to state 11
    NAME               shift, and go to state 12
    SPECIAL_COL        shift, and go to state 13
    VARIABLE           shift, and go to state 14
    '('                shift, and go to state 15

    expression  go to state 67


State 36

   11 expression: expression REGEXP . expression

    PLUS               shift, and go to state 2
    MINUS              shift, and go to state 3
    NOT                shift, and go to state 4
    NUMBER_FLOAT       shift, and go to state 5
    NUMBER_INT         shift, and go to state 6
    BOOLEAN            shift, and go to state 7
    NULLVALUE          shift, and go to state 8
    CASE               shift, and go to state 9
    STRING             shift, and go to state 10
    QUOTED_COLUMN_REF  shift, and go to state 11
    NAME               shift, and go to state 12
    SPECIAL_COL        shift, and go to state 13
    VARIABLE           shift, and go to state 14
    '('                shift, and go to state 15

    expression  go to state 68


State 37

   12 expression: expression LIKE . expression

    PLUS               shift, and go to state 2
    MINUS              shift, and go to state 3
    NOT                shift, and go to state 4
    NUMBER_FLOAT       shift, and go to state 5
    NUMBER_INT         shift, and go to state 6
    BOOLEAN            shift, and go to state 7
    NULLVALUE          shift, and go to state 8
    CASE               shift, and go to state 9
    STRING             shift, and go to state 10
    QUOTED_COLUMN_REF  shift, and go to state 11
    NAME               shift, and go to state 12
    SPECIAL_COL        shift, and go to state 13
    VARIABLE           shift, and go to state 14
    '('                shift, and go to state 15

    expression  go to state 69


State 38

   13 expression: expression IS . expression

    PLUS               shift, and go to state 2
    MINUS              shift, and go to state 3
    NOT                shift, and go to state 4
    NUMBER_FLOAT       shift, and go to state 5
    NUMBER_INT         shift, and go to state 6
    BOOLEAN            shift, and go to state 7
    NULLVALUE          shift, and go to state 8
    CASE               shift, and go to state 9
    STRING             shift, and go to state 10
    QUOTED_COLUMN_REF  shift, and go to state 11
    NAME               shift, and go to state 12
    SPECIAL_COL        shift, and go to state 13
    VARIABLE           shift, and go to state 14
    '('                shift, and go to state 15

    expression  go to state 70


State 39

   14 expression: expression PLUS . expression

    PLUS               shift, and go to state 2
    MINUS              shift, and go to state 3
    NOT                shift, and go to state 4
    NUMBER_FLOAT       shift, and go to state 5
    NUMBER_INT         shift, and go to state 6
    BOOLEAN            shift, and go to state 7
    NULLVALUE          shift, and go to state 8
    CASE               shift, and go to state 9
    STRING             shift, and go to state 10
    QUOTED_COLUMN_REF  shift, and go to state 11
    NAME               shift, and go to state 12
    SPECIAL_COL        shift, and go to state 13
    VARIABLE           shift, and go to state 14
    '('                shift, and go to state 15

    expression  go to state 71


State 40

   15 expression: expression MINUS . expression

    PLUS               shift, and go to state 2
    MINUS              shift, and go to state 3
    NOT                shift, and go to state 4
    NUMBER_FLOAT       shift, and go to state 5
    NUMBER_INT         shift, and go to state 6
    BOOLEAN            shift, and go to state 7
    NULLVALUE          shift, and go to state 8
    CASE               shift, and go to state 9
    STRING             shift, and go to state 10
    QUOTED_COLUMN_REF  shift, and go to state 11
    NAME               shift, and go to state 12
    SPECIAL_COL        shift, and go to state 13
    VARIABLE           shift, and go to state 14
    '('                shift, and go to state 15

    expression  go to state 72


State 41

   16 expression: expression MUL . expression

    PLUS               shift, and go to state 2
    MINUS              shift, and go to state 3
    NOT                shift, and go to state 4
    NUMBER_FLOAT       shift, and go to state 5
    NUMBER_INT         shift, and go to state 6
    BOOLEAN            shift, and go to state 7
    NULLVALUE          shift, and go to state 8
    CASE               shift, and go to state 9
    STRING             shift, and go to state 10
    QUOTED_COLUMN_REF  shift, and go to state 11
    NAME               shift, and go to state 12
    SPECIAL_COL        shift, and go to state 13
    VARIABLE           shift, and go to state 14
    '('                shift, and go to state 15

    expression  go to state 73


State 42

   18 expression: expression DIV . expression

    PLUS               shift, and go to state 2
    MINUS              shift, and go to state 3
    NOT                shift, and go to state 4
    NUMBER_FLOAT       shift, and go to state 5
    NUMBER_INT         shift, and go to state 6
    BOOLEAN            shift, and go to state 7
    NULLVALUE          shift, and go to state 8
    CASE               shift, and go to state 9
    STRING             shift, and go to state 10
    QUOTED_COLUMN_REF  shift, and go to state 11
    NAME               shift, and go to state 12
    SPECIAL_COL        shift, and go to state 13
    VARIABLE           shift, and go to state 14
    '('                shift, and go to state 15

    expression  go to state 74


State 43

   17 expression: expression INTDIV . expression

    PLUS               shift, and go to state 2
    MINUS              shift, and go to state 3
    NOT                shift, and go to state 4
    NUMBER_FLOAT       shift, and go to state 5
    NUMBER_INT         shift, and go to state 6
    BOOLEAN            shift, and go to state 7
    NULLVALUE          shift, and go to state 8
    CASE               shift, and go to state 9
    STRING             shift, and go to state 10
    QUOTED_COLUMN_REF  shift, and go to state 11
    NAME               shift, and go to state 12
    SPECIAL_COL        shift, and go to state 13
    VARIABLE           shift, and go to state 14
    '('                shift, and go to state 15

    expression  go to state 75


State 44

   19 expression: expression MOD . expression

    PLUS               shift, and go to state 2
    MINUS              shift, and go to state 3
    NOT                shift, and go to state 4
    NUMBER_FLOAT       shift, and go to state 5
    NUMBER_INT         shift, and go to state 6
    BOOLEAN            shift, and go to state 7
    NULLVALUE          shift, and go to state 8
    CASE               shift, and go to state 9
    STRING             shift, and go to state 10
    QUOTED_COLUMN_REF  shift, and go to state 11
    NAME               shift, and go to state 12
    SPECIAL_COL        shift, and go to state 13
    VARIABLE           shift, and go to state 14
    '('                shift, and go to state 15

    expression  go to state 76


State 45

   21 expression: expression CONCAT . expression

    PLUS               shift, and go to state 2
    MINUS              shift, and go to state 3
    NOT                shift, and go to state 4
    NUMBER_FLOAT       shift, and go to state 5
    NUMBER_INT         shift, and go to state 6
    BOOLEAN            shift, and go to state 7
    NULLVALUE          shift, and go to state 8
    CASE               shift, and go to state 9
    STRING             shift, and go to state 10
    QUOTED_COLUMN_REF  shift, and go to state 11
    NAME               shift, and go to state 12
    SPECIAL_COL        shift, and go to state 13
    VARIABLE           shift, and go to state 14
    '('                shift, and go to state 15

    expression  go to state 77


State 46

   20 expression: expression POW . expression

    PLUS               shift, and go to state 2
    MINUS              shift, and go to state 3
    NOT                shift, and go to state 4
    NUMBER_FLOAT       shift, and go to state 5
    NUMBER_INT         shift, and go to state 6
    BOOLEAN            shift, and go to state 7
    NULLVALUE          shift, and go to state 8
    CASE               shift, and go to state 9
    STRING             shift, and go to state 10
    QUOTED_COLUMN_REF  shift, and go to state 11
    NAME               shift, and go to state 12
    SPECIAL_COL        shift, and go to state 13
    VARIABLE           shift, and go to state 14
    '('                shift, and go to state 15

    expression  go to state 78


State 47

   27 expression: expression NOT . IN '(' exp_list ')'

    IN  shift, and go to state 79


State 48

   26 expression: expression IN . '(' exp_list ')'

    '('  shift, and go to state 80


State 49

   28 expression: expression '[' . expression ']'

    PLUS               shift, and go to state 2
    MINUS              shift, and go to state 3
    NOT                shift, and go to state 4
    NUMBER_FLOAT       shift, and go to state 5
    NUMBER_INT         shift, and go to state 6
    BOOLEAN            shift, and go to state 7
    NULLVALUE          shift, and go to state 8
    CASE               shift, and go to state 9
    STRING             shift, and go to state 10
    QUOTED_COLUMN_REF  shift, and go to state 11
    NAME               shift, and go to state 12
    SPECIAL_COL        shift, and go to state 13
    VARIABLE           shift, and go to state 14
    '('                shift, and go to state 15

    expression  go to state 81


State 50

    3 expression: expression . AND expression
    4           | expression . OR expression
    5           | expression . EQ expression
    6           | expression . NE expression
    7           | expression . LE expression
    8           | expression . GE expression
    9           | expression . LT expression
   10           | expression . GT expression
   11           | expression . REGEXP expression
   12           | expression . LIKE expression
   13           | expression . IS expression
   14           | expression . PLUS expression
   15           | expression . MINUS expression
   16           | expression . MUL expression
   17           | expression . INTDIV expression
   18           | expression . DIV expression
   19           | expression . MOD expression
   20           | expression . POW expression
   21           | expression . CONCAT expression
   26           | expression . IN '(' exp_list ')'
   27           | expression . NOT IN '(' exp_list ')'
   28           | expression . '[' expression ']'
   49 when_then_clause: WHEN expression . THEN expression

    OR      shift, and go to state 28
    AND     shift, and go to state 29
    EQ      shift, and go to state 30
    NE      shift, and go to state 31
    LE      shift, and go to state 32
    GE      shift, and go to state 33
    LT      shift, and go to state 34
    GT      shift, and go to state 35
    REGEXP  shift, and go to state 36
    LIKE    shift, and go to state 37
    IS      shift, and go to state 38
    PLUS    shift, and go to state 39
    MINUS   shift, and go to state 40
    MUL     shift, and go to state 41
    DIV     shift, and go to state 42
    INTDIV  shift, and go to state 43
    MOD     shift, and go to state 44
    CONCAT  shift, and go to state 45
    POW     shift, and go to state 46
    NOT     shift, and go to state 47
    IN      shift, and go to state 48
    THEN    shift, and go to state 82
    '['     shift, and go to state 49


State 51

   32 expression: CASE when_then_clauses ELSE . expression END

    PLUS               shift, and go to state 2
    MINUS              shift, and go to state 3
    NOT                shift, and go to state 4
    NUMBER_FLOAT       shift, and go to state 5
    NUMBER_INT         shift, and go to state 6
    BOOLEAN            shift, and go to state 7
    NULLVALUE          shift, and go to state 8
    CASE               shift, and go to state 9
    STRING             shift, and go to state 10
    QUOTED_COLUMN_REF  shift, and go to state 11
    NAME               shift, and go to state 12
    SPECIAL_COL        shift, and go to state 13
    VARIABLE           shift, and go to state 14
    '('                shift, and go to state 15

    expression  go to state 83


State 52

   31 expression: CASE when_then_clauses END .

    $default  reduce using rule 31 (expression)


State 53

   47 when_then_clauses: when_then_clauses when_then_clause .

    $default  reduce using rule 47 (when_then_clauses)


State 54

   42 named_node: NAMED_NODE . expression

    PLUS               shift, and go to state 2
    MINUS              shift, and go to state 3
    NOT                shift, and go to state 4
    NUMBER_FLOAT       shift, and go to state 5
    NUMBER_INT         shift, and go to state 6
    BOOLEAN            shift, and go to state 7
    NULLVALUE          shift, and go to state 8
    CASE               shift, and go to state 9
    STRING             shift, and go to state 10
    QUOTED_COLUMN_REF  shift, and go to state 11
    NAME               shift, and go to state 12
    SPECIAL_COL        shift, and go to state 13
    VARIABLE           shift, and go to state 14
    '('                shift, and go to state 15

    expression  go to state 84


State 55

   25 expression: NAME '(' ')' .

    $default  reduce using rule 25 (expression)


State 56

    3 expression: expression . AND expression
    4           | expression . OR expression
    5           | expression . EQ expression
    6           | expression . NE expression
    7           | expression . LE expression
    8           | expression . GE expression
    9           | expression . LT expression
   10           | expression . GT expression
   11           | expression . REGEXP expression
   12           | expression . LIKE expression
   13           | expression . IS expression
   14           | expression . PLUS expression
   15           | expression . MINUS expression
   16           | expression . MUL expression
   17           | expression . INTDIV expression
   18           | expression . DIV expression
   19           | expression . MOD expression
   20           | expression . POW expression
   21           | expression . CONCAT expression
   26           | expression . IN '(' exp_list ')'
   27           | expression . NOT IN '(' exp_list ')'
   28           | expression . '[' expression ']'
   45 exp_list: expression .

    OR      shift, and go to state 28
    AND     shift, and go to state 29
    EQ      shift, and go to state 30
    NE      shift, and go to state 31
    LE      shift, and go to state 32
    GE      shift, and go to state 33
    LT      shift, and go to state 34
    GT      shift, and go to state 35
    REGEXP  shift, and go to state 36
    LIKE    shift, and go to state 37
    IS      shift, and go to state 38
    PLUS    shift, and go to state 39
    MINUS   shift, and go to state 40
    MUL     shift, and go to state 41
    DIV     shift, and go to state 42
    INTDIV  shift, and go to state 43
    MOD     shift, and go to state 44
    CONCAT  shift, and go to state 45
    POW     shift, and go to state 46
    NOT     shift, and go to state 47
    IN      shift, and go to state 48
    '['     shift, and go to state 49

    $default  reduce using rule 45 (exp_list)


State 57

   46 exp_list: named_node .

    $default  reduce using rule 46 (exp_list)


State 58

   24 expression: NAME '(' exp_list . ')'
   43 exp_list: exp_list . COMMA expression
   44         | exp_list . COMMA named_node

    COMMA  shift, and go to state 85
    ')'    shift, and go to state 86


State 59

   23 expression: '(' expression ')' .

    $default  reduce using rule 23 (expression)


State 60

    3 expression: expression . AND expression
    4           | expression . OR expression
    4           | expression OR expression .
    5           | expression . EQ expression
    6           | expression . NE expression
    7           | expression . LE expression
    8           | expression . GE expression
    9           | expression . LT expression
   10           | expression . GT expression
   11           | expression . REGEXP expression
   12           | expression . LIKE expression
   13           | expression . IS expression
   14           | expression . PLUS expression
   15           | expression . MINUS expression
   16           | expression . MUL expression
   17           | expression . INTDIV expression
   18           | expression . DIV expression
   19           | expression . MOD expression
   20           | expression . POW expression
   21           | expression . CONCAT expression
   26           | expression . IN '(' exp_list ')'
   27           | expression . NOT IN '(' exp_list ')'
   28           | expression . '[' expression ']'

    AND     shift, and go to state 29
    EQ      shift, and go to state 30
    NE      shift, and go to state 31
    LE      shift, and go to state 32
    GE      shift, and go to state 33
    LT      shift, and go to state 34
    GT      shift, and go to state 35
    REGEXP  shift, and go to state 36
    LIKE    shift, and go to state 37
    IS      shift, and go to state 38
    PLUS    shift, and go to state 39
    MINUS   shift, and go to state 40
    MUL     shift, and go to state 41
    DIV     shift, and go to state 42
    INTDIV  shift, and go to state 43
    MOD     shift, and go to state 44
    CONCAT  shift, and go to state 45
    POW     shift, and go to state 46
    NOT     shift, and go to state 47
    IN      shift, and go to state 48
    '['     shift, and go to state 49

    $default  reduce using rule 4 (expression)


State 61

    3 expression: expression . AND expression
    3           | expression AND expression .
    4           | expression . OR expression
    5           | expression . EQ expression
    6           | expression . NE expression
    7           | expression . LE expression
    8           | expression . GE expression
    9           | expression . LT expression
   10           | expression . GT expression
   11           | expression . REGEXP expression
   12           | expression . LIKE expression
   13           | expression . IS expression
   14           | expression . PLUS expression
   15           | expression . MINUS expression
   16           | expression . MUL expression
   17           | expression . INTDIV expression
   18           | expression . DIV expression
   19           | expression . MOD expression
   20           | expression . POW expression
   21           | expression . CONCAT expression
   26           | expression . IN '(' exp_list ')'
   27           | expression . NOT IN '(' exp_list ')'
   28           | expression . '[' expression ']'

    EQ      shift, and go to state 30
    NE      shift, and go to state 31
    LE      shift, and go to state 32
    GE      shift, and go to state 33
    LT      shift, and go to state 34
    GT      shift, and go to state 35
    REGEXP  shift, and go to state 36
    LIKE    shift, and go to state 37
    IS      shift, and go to state 38
    PLUS    shift, and go to state 39
    MINUS   shift, and go to state 40
    MUL     shift, and go to state 41
    DIV     shift, and go to state 42
    INTDIV  shift, and go to state 43
    MOD     shift, and go to state 44
    CONCAT  shift, and go to state 45
    POW     shift, and go to state 46
    NOT     shift, and go to state 47
    IN      shift, and go to state 48
    '['     shift, and go to state 49

    $default  reduce using rule 3 (expression)


State 62

    3 expression: expression . AND expression
    4           | expression . OR expression
    5           | expression . EQ expression
    5           | expression EQ expression .
    6           | expression . NE expression
    7           | expression . LE expression
    8           | expression . GE expression
    9           | expression . LT expression
   10           | expression . GT expression
   11           | expression . REGEXP expression
   12           | expression . LIKE expression
   13           | expression . IS expression
   14           | expression . PLUS expression
   15           | expression . MINUS expression
   16           | expression . MUL expression
   17           | expression . INTDIV expression
   18           | expression . DIV expression
   19           | expression . MOD expression
   20           | expression . POW expression
   21           | expression . CONCAT expression
   26           | expression . IN '(' exp_list ')'
   27           | expression . NOT IN '(' exp_list ')'
   28           | expression . '[' expression ']'

    PLUS    shift, and go to state 39
    MINUS   shift, and go to state 40
    MUL     shift, and go to state 41
    DIV     shift, and go to state 42
    INTDIV  shift, and go to state 43
    MOD     shift, and go to state 44
    CONCAT  shift, and go to state 45
    POW     shift, and go to state 46
    '['     shift, and go to state 49

    $default  reduce using rule 5 (expression)


State 63

    3 expression: expression . AND expression
    4           | expression . OR expression
    5           | expression . EQ expression
    6           | expression . NE expression
    6           | expression NE expression .
    7           | expression . LE expression
    8           | expression . GE expression
    9           | expression . LT expression
   10           | expression . GT expression
   11           | expression . REGEXP expression
   12           | expression . LIKE expression
   13           | expression . IS expression
   14           | expression . PLUS expression
   15           | expression . MINUS expression
   16           | expression . MUL expression
   17           | expression . INTDIV expression
   18           | expression . DIV expression
   19           | expression . MOD expression
   20           | expression . POW expression
   21           | expression . CONCAT expression
   26           | expression . IN '(' exp_list ')'
   27           | expression . NOT IN '(' exp_list ')'
   28           | expression . '[' expression ']'

    PLUS    shift, and go to state 39
    MINUS   shift, and go to state 40
    MUL     shift, and go to state 41
    DIV     shift, and go to state 42
    INTDIV  shift, and go to state 43
    MOD     shift, and go to state 44
    CONCAT  shift, and go to state 45
    POW     shift, and go to state 46
    '['     shift, and go to state 49

    $default  reduce using rule 6 (expression)


State 64

    3 expression: expression . AND expression
    4           | expression . OR expression
    5           | expression . EQ expression
    6           | expression . NE expression
    7           | expression . LE expression
    7           | expression LE expression .
    8           | expression . GE expression
    9           | expression . LT expression
   10           | expression . GT expression
   11           | expression . REGEXP expression
   12           | expression . LIKE expression
   13           | expression . IS expression
   14           | expression . PLUS expression
   15           | expression . MINUS expression
   16           | expression . MUL expression
   17           | expression . INTDIV expression
   18           | expression . DIV expression
   19           | expression . MOD expression
   20           | expression . POW expression
   21           | expression . CONCAT expression
   26           | expression . IN '(' exp_list ')'
   27           | expression . NOT IN '(' exp_list ')'
   28           | expression . '[' expression ']'

    PLUS    shift, and go to state 39
    MINUS   shift, and go to state 40
    MUL     shift, and go to state 41
    DIV     shift, and go to state 42
    INTDIV  shift, and go to state 43
    MOD     shift, and go to state 44
    CONCAT  shift, and go to state 45
    POW     shift, and go to state 46
    '['     shift, and go to state 49

    $default  reduce using rule 7 (expression)


State 65

    3 expression: expression . AND expression
    4           | expression . OR expression
    5           | expression . EQ expression
    6           | expression . NE expression
    7           | expression . LE expression
    8           | expression . GE expression
    8           | expression GE expression .
    9           | expression . LT expression
   10           | expression . GT expression
   11           | expression . REGEXP expression
   12           | expression . LIKE expression
   13           | expression . IS expression
   14           | expression . PLUS expression
   15           | expression . MINUS expression
   16           | expression . MUL expression
   17           | expression . INTDIV expression
   18           | expression . DIV expression
   19           | expression . MOD expression
   20           | expression . POW expression
   21           | expression . CONCAT expression
   26           | expression . IN '(' exp_list ')'
   27           | expression . NOT IN '(' exp_list ')'
   28           | expression . '[' expression ']'

    PLUS    shift, and go to state 39
    MINUS   shift, and go to state 40
    MUL     shift, and go to state 41
    DIV     shift, and go to state 42
    INTDIV  shift, and go to state 43
    MOD     shift, and go to state 44
    CONCAT  shift, and go to state 45
    POW     shift, and go to state 46
    '['     shift, and go to state 49

    $default  reduce using rule 8 (expression)


State 66

    3 expression: expression . AND expression
    4           | expression . OR expression
    5           | expression . EQ expression
    6           | expression . NE expression
    7           | expression . LE expression
    8           | expression . GE expression
    9           | expression . LT expression
    9           | expression LT expression .
   10           | expression . GT expression
   11           | expression . REGEXP expression
   12           | expression . LIKE expression
   13           | expression . IS expression
   14           | expression . PLUS expression
   15           | expression . MINUS expression
   16           | expression . MUL expression
   17           | expression . INTDIV expression
   18           | expression . DIV expression
   19           | expression . MOD expression
   20           | expression . POW expression
   21           | expression . CONCAT expression
   26           | expression . IN '(' exp_list ')'
   27           | expression . NOT IN '(' exp_list ')'
   28           | expression . '[' expression ']'

    PLUS    shift, and go to state 39
    MINUS   shift, and go to state 40
    MUL     shift, and go to state 41
    DIV     shift, and go to state 42
    INTDIV  shift, and go to state 43
    MOD     shift, and go to state 44
    CONCAT  shift, and go to state 45
    POW     shift, and go to state 46
    '['     shift, and go to state 49

    $default  reduce using rule 9 (expression)


State 67

    3 expression: expression . AND expression
    4           | expression . OR expression
    5           | expression . EQ expression
    6           | expression . NE expression
    7           | expression . LE expression
    8           | expression . GE expression
    9           | expression . LT expression
   10           | expression . GT expression
   10           | expression GT expression .
   11           | expression . REGEXP expression
   12           | expression . LIKE expression
   13           | expression . IS expression
   14           | expression . PLUS expression
   15           | expression . MINUS expression
   16           | expression . MUL expression
   17           | expression . INTDIV expression
   18           | expression . DIV expression
   19           | expression . MOD expression
   20           | expression . POW expression
   21           | expression . CONCAT expression
   26           | expression . IN '(' exp_list ')'
   27           | expression . NOT IN '(' exp_list ')'
   28           | expression . '[' expression ']'

    PLUS    shift, and go to state 39
    MINUS   shift, and go to state 40
    MUL     shift, and go to state 41
    DIV     shift, and go to state 42
    INTDIV  shift, and go to state 43
    MOD     shift, and go to state 44
    CONCAT  shift, and go to state 45
    POW     shift, and go to state 46
    '['     shift, and go to state 49

    $default  reduce using rule 10 (expression)


State 68

    3 expression: expression . AND expression
    4           | expression . OR expression
    5           | expression . EQ expression
    6           | expression . NE expression
    7           | expression . LE expression
    8           | expression . GE expression
    9           | expression . LT expression
   10           | expression . GT expression
   11           | expression . REGEXP expression
   11           | expression REGEXP expression .
   12           | expression . LIKE expression
   13           | expression . IS expression
   14           | expression . PLUS expression
   15           | expression . MINUS expression
   16           | expression . MUL expression
   17           | expression . INTDIV expression
   18           | expression . DIV expression
   19           | expression . MOD expression
   20           | expression . POW expression
   21           | expression . CONCAT expression
   26           | expression . IN '(' exp_list ')'
   27           | expression . NOT IN '(' exp_list ')'
   28           | expression . '[' expression ']'

    PLUS    shift, and go to state 39
    MINUS   shift, and go to state 40
    MUL     shift, and go to state 41
    DIV     shift, and go to state 42
    INTDIV  shift, and go to state 43
    MOD     shift, and go to state 44
    CONCAT  shift, and go to state 45
    POW     shift, and go to state 46
    '['     shift, and go to state 49

    $default  reduce using rule 11 (expression)


State 69

    3 expression: expression . AND expression
    4           | expression . OR expression
    5           | expression . EQ expression
    6           | expression . NE expression
    7           | expression . LE expression
    8           | expression . GE expression
    9           | expression . LT expression
   10           | expression . GT expression
   11           | expression . REGEXP expression
   12           | expression . LIKE expression
   12           | expression LIKE expression .
   13           | expression . IS expression
   14           | expression . PLUS expression
   15           | expression . MINUS expression
   16           | expression . MUL expression
   17           | expression . INTDIV expression
   18           | expression . DIV expression
   19           | expression . MOD expression
   20           | expression . POW expression
   21           | expression . CONCAT expression
   26           | expression . IN '(' exp_list ')'
   27           | expression . NOT IN '(' exp_list ')'
   28           | expression . '[' expression ']'

    PLUS    shift, and go to state 39
    MINUS   shift, and go to state 40
    MUL     shift, and go to state 41
    DIV     shift, and go to state 42
    INTDIV  shift, and go to state 43
    MOD     shift, and go to state 44
    CONCAT  shift, and go to state 45
    POW     shift, and go to state 46
    '['     shift, and go to state 49

    $default  reduce using rule 12 (expression)


State 70

    3 expression: expression . AND expression
    4           | expression . OR expression
    5           | expression . EQ expression
    6           | expression . NE expression
    7           | expression . LE expression
    8           | expression . GE expression
    9           | expression . LT expression
   10           | expression . GT expression
   11           | expression . REGEXP expression
   12           | expression . LIKE expression
   13           | expression . IS expression
   13           | expression IS expression .
   14           | expression . PLUS expression
   15           | expression . MINUS expression
   16           | expression . MUL expression
   17           | expression . INTDIV expression
   18           | expression . DIV expression
   19           | expression . MOD expression
   20           | expression . POW expression
   21           | expression . CONCAT expression
   26           | expression . IN '(' exp_list ')'
   27           | expression . NOT IN '(' exp_list ')'
   28           | expression . '[' expression ']'

    PLUS    shift, and go to state 39
    MINUS   shift, and go to state 40
    MUL     shift, and go to state 41
    DIV     shift, and go to state 42
    INTDIV  shift, and go to state 43
    MOD     shift, and go to state 44
    CONCAT  shift, and go to state 45
    POW     shift, and go to state 46
    '['     shift, and go to state 49

    $default  reduce using rule 13 (expression)


State 71

    3 expression: expression . AND expression
    4           | expression . OR expression
    5           | expression . EQ expression
    6           | expression . NE expression
    7           | expression . LE expression
    8           | expression . GE expression
    9           | expression . LT expression
   10           | expression . GT expression
   11           | expression . REGEXP expression
   12           | expression . LIKE expression
   13           | expression . IS expression
   14           | expression . PLUS expression
   14           | expression PLUS expression .
   15           | expression . MINUS expression
   16           | expression . MUL expression
   17           | expression . INTDIV expression
   18           | expression . DIV expression
   19           | expression . MOD expression
   20           | expression . POW expression
   21           | expression . CONCAT expression
   26           | expression . IN '(' exp_list ')'
   27           | expression . NOT IN '(' exp_list ')'
   28           | expression . '[' expression ']'

    MUL     shift, and go to state 41
    DIV     shift, and go to state 42
    INTDIV  shift, and go to state 43
    MOD     shift, and go to state 44
    CONCAT  shift, and go to state 45
    POW     shift, and go to state 46
    '['     shift, and go to state 49

    $default  reduce using rule 14 (expression)


State 72

    3 expression: expression . AND expression
    4           | expression . OR expression
    5           | expression . EQ expression
    6           | expression . NE expression
    7           | expression . LE expression
    8           | expression . GE expression
    9           | expression . LT expression
   10           | expression . GT expression
   11           | expression . REGEXP expression
   12           | expression . LIKE expression
   13           | expression . IS expression
   14           | expression . PLUS expression
   15           | expression . MINUS expression
   15           | expression MINUS expression .
   16           | expression . MUL expression
   17           | expression . INTDIV expression
   18           | expression . DIV expression
   19           | expression . MOD expression
   20           | expression . POW expression
   21           | expression . CONCAT expression
   26           | expression . IN '(' exp_list ')'
   27           | expression . NOT IN '(' exp_list ')'
   28           | expression . '[' expression ']'

    MUL     shift, and go to state 41
    DIV     shift, and go to state 42
    INTDIV  shift, and go to state 43
    MOD     shift, and go to state 44
    CONCAT  shift, and go to state 45
    POW     shift, and go to state 46
    '['     shift, and go to state 49

    $default  reduce using rule 15 (expression)


State 73

    3 expression: expression . AND expression
    4           | expression . OR expression
    5           | expression . EQ expression
    6           | expression . NE expression
    7           | expression . LE expression
    8           | expression . GE expression
    9           | expression . LT expression
   10           | expression . GT expression
   11           | expression . REGEXP expression
   12           | expression . LIKE expression
   13           | expression . IS expression
   14           | expression . PLUS expression
   15           | expression . MINUS expression
   16           | expression . MUL expression
   16           | expression MUL expression .
   17           | expression . INTDIV expression
   18           | expression . DIV expression
   19           | expression . MOD expression
   20           | expression . POW expression
   21           | expression . CONCAT expression
   26           | expression . IN '(' exp_list ')'
   27           | expression . NOT IN '(' exp_list ')'
   28           | expression . '[' expression ']'

    CONCAT  shift, and go to state 45
    POW     shift, and go to state 46
    '['     shift, and go to state 49

    $default  reduce using rule 16 (expression)


State 74

    3 expression: expression . AND expression
    4           | expression . OR expression
    5           | expression . EQ expression
    6           | expression . NE expression
    7           | expression . LE expression
    8           | expression . GE expression
    9           | expression . LT expression
   10           | expression . GT expression
   11           | expression . REGEXP expression
   12           | expression . LIKE expression
   13           | expression . IS expression
   14           | expression . PLUS expression
   15           | expression . MINUS expression
   16           | expression . MUL expression
   17           | expression . INTDIV expression
   18           | expression . DIV expression
   18           | expression DIV expression .
   19           | expression . MOD expression
   20           | expression . POW expression
   21           | expression . CONCAT expression
   26           | expression . IN '(' exp_list ')'
   27           | expression . NOT IN '(' exp_list ')'
   28           | expression . '[' expression ']'

    CONCAT  shift, and go to state 45
    POW     shift, and go to state 46
    '['     shift, and go to state 49

    $default  reduce using rule 18 (expression)


State 75

    3 expression: expression . AND expression
    4           | expression . OR expression
    5           | expression . EQ expression
    6           | expression . NE expression
    7           | expression . LE expression
    8           | expression . GE expression
    9           | expression . LT expression
   10           | expression . GT expression
   11           | expression . REGEXP expression
   12           | expression . LIKE expression
   13           | expression . IS expression
   14           | expression . PLUS expression
   15           | expression . MINUS expression
   16           | expression . MUL expression
   17           | expression . INTDIV expression
   17           | expression INTDIV expression .
   18           | expression . DIV expression
   19           | expression . MOD expression
   20           | expression . POW expression
   21           | expression . CONCAT expression
   26           | expression . IN '(' exp_list ')'
   27           | expression . NOT IN '(' exp_list ')'
   28           | expression . '[' expression ']'

    CONCAT  shift, and go to state 45
    POW     shift, and go to state 46
    '['     shift, and go to state 49

    $default  reduce using rule 17 (expression)


State 76

    3 expression: expression . AND expression
    4           | expression . OR expression
    5           | expression . EQ expression
    6           | expression . NE expression
    7           | expression . LE expression
    8           | expression . GE expression
    9           | expression . LT expression
   10           | expression . GT expression
   11           | expression . REGEXP expression
   12           | expression . LIKE expression
   13           | expression . IS expression
   14           | expression . PLUS expression
   15           | expression . MINUS expression
   16           | expression . MUL expression
   17           | expression . INTDIV expression
   18           | expression . DIV expression
   19           | expression . MOD expression
   19           | expression MOD expression .
   20           | expression . POW expression
   21           | expression . CONCAT expression
   26           | expression . IN '(' exp_list ')'
   27           | expression . NOT IN '(' exp_list ')'
   28           | expression . '[' expression ']'

    CONCAT  shift, and go to state 45
    POW     shift, and go to state 46
    '['     shift, and go to state 49

    $default  reduce using rule 19 (expression)


State 77

    3 expression: expression . AND expression
    4           | expression . OR expression
    5           | expression . EQ expression
    6           | expression . NE expression
    7           | expression . LE expression
    8           | expression . GE expression
    9           | expression . LT expression
   10           | expression . GT expression
   11           | expression . REGEXP expression
   12           | expression . LIKE expression
   13           | expression . IS expression
   14           | expression . PLUS expression
   15           | expression . MINUS expression
   16           | expression . MUL expression
   17           | expression . INTDIV expression
   18           | expression . DIV expression
   19           | expression . MOD expression
   20           | expression . POW expression
   21           | expression . CONCAT expression
   21           | expression CONCAT expression .
   26           | expression . IN '(' exp_list ')'
   27           | expression . NOT IN '(' exp_list ')'
   28           | expression . '[' expression ']'

    '['  shift, and go to state 49

    $default  reduce using rule 21 (expression)


State 78

    3 expression: expression . AND expression
    4           | expression . OR expression
    5           | expression . EQ expression
    6           | expression . NE expression
    7           | expression . LE expression
    8           | expression . GE expression
    9           | expression . LT expression
   10           | expression . GT expression
   11           | expression . REGEXP expression
   12           | expression . LIKE expression
   13           | expression . IS expression
   14           | expression . PLUS expression
   15           | expression . MINUS expression
   16           | expression . MUL expression
   17           | expression . INTDIV expression
   18           | expression . DIV expression
   19           | expression . MOD expression
   20           | expression . POW expression
   20           | expression POW expression .
   21           | expression . CONCAT expression
   26           | expression . IN '(' exp_list ')'
   27           | expression . NOT IN '(' exp_list ')'
   28           | expression . '[' expression ']'

    CONCAT  shift, and go to state 45
    POW     shift, and go to state 46
    '['     shift, and go to state 49

    $default  reduce using rule 20 (expression)


State 79

   27 expression: expression NOT IN . '(' exp_list ')'

    '('  shift, and go to state 87


State 80

   26 expression: expression IN '(' . exp_list ')'

    PLUS               shift, and go to state 2
    MINUS              shift, and go to state 3
    NOT                shift, and go to state 4
    NUMBER_FLOAT       shift, and go to state 5
    NUMBER_INT         shift, and go to state 6
    BOOLEAN            shift, and go to state 7
    NULLVALUE          shift, and go to state 8
    CASE               shift, and go to state 9
    STRING             shift, and go to state 10
    QUOTED_COLUMN_REF  shift, and go to state 11
    NAME               shift, and go to state 12
    SPECIAL_COL        shift, and go to state 13
    VARIABLE           shift, and go to state 14
    NAMED_NODE         shift, and go to state 54
    '('                shift, and go to state 15

    expression  go to state 56
    named_node  go to state 57
    exp_list    go to state 88


State 81

    3 expression: expression . AND expression
    4           | expression . OR expression
    5           | expression . EQ expression
    6           | expression . NE expression
    7           | expression . LE expression
    8           | expression . GE expression
    9           | expression . LT expression
   10           | expression . GT expression
   11           | expression . REGEXP expression
   12           | expression . LIKE expression
   13           | expression . IS expression
   14           | expression . PLUS expression
   15           | expression . MINUS expression
   16           | expression . MUL expression
   17           | expression . INTDIV expression
   18           | expression . DIV expression
   19           | expression . MOD expression
   20           | expression . POW expression
   21           | expression . CONCAT expression
   26           | expression . IN '(' exp_list ')'
   27           | expression . NOT IN '(' exp_list ')'
   28           | expression . '[' expression ']'
   28           | expression '[' expression . ']'

    OR      shift, and go to state 28
    AND     shift, and go to state 29
    EQ      shift, and go to state 30
    NE      shift, and go to state 31
    LE      shift, and go to state 32
    GE      shift, and go to state 33
    LT      shift, and go to state 34
    GT      shift, and go to state 35
    REGEXP  shift, and go to state 36
    LIKE    shift, and go to state 37
    IS      shift, and go to state 38
    PLUS    shift, and go to state 39
    MINUS   shift, and go to state 40
    MUL     shift, and go to state 41
    DIV     shift, and go to state 42
    INTDIV  shift, and go to state 43
    MOD     shift, and go to state 44
    CONCAT  shift, and go to state 45
    POW     shift, and go to state 46
    NOT     shift, and go to state 47
    IN      shift, and go to state 48
    '['     shift, and go to state 49
    ']'     shift, and go to state 89


State 82

   49 when_then_clause: WHEN expression THEN . expression

    PLUS               shift, and go to state 2
    MINUS              shift, and go to state 3
    NOT                shift, and go to state 4
    NUMBER_FLOAT       shift, and go to state 5
    NUMBER_INT         shift, and go to state 6
    BOOLEAN            shift, and go to state 7
    NULLVALUE          shift, and go to state 8
    CASE               shift, and go to state 9
    STRING             shift, and go to state 10
    QUOTED_COLUMN_REF  shift, and go to state 11
    NAME               shift, and go to state 12
    SPECIAL_COL        shift, and go to state 13
    VARIABLE           shift, and go to state 14
    '('                shift, and go to state 15

    expression  go to state 90


State 83

    3 expression: expression . AND expression
    4           | expression . OR expression
    5           | expression . EQ expression
    6           | expression . NE expression
    7           | expression . LE expression
    8           | expression . GE expression
    9           | expression . LT expression
   10           | expression . GT expression
   11           | expression . REGEXP expression
   12           | expression . LIKE expression
   13           | expression . IS expression
   14           | expression . PLUS expression
   15           | expression . MINUS expression
   16           | expression . MUL expression
   17           | expression . INTDIV expression
   18           | expression . DIV expression
   19           | expression . MOD expression
   20           | expression . POW expression
   21           | expression . CONCAT expression
   26           | expression . IN '(' exp_list ')'
   27           | expression . NOT IN '(' exp_list ')'
   28           | expression . '[' expression ']'
   32           | CASE when_then_clauses ELSE expression . END

    OR      shift, and go to state 28
    AND     shift, and go to state 29
    EQ      shift, and go to state 30
    NE      shift, and go to state 31
    LE      shift, and go to state 32
    GE      shift, and go to state 33
    LT      shift, and go to state 34
    GT      shift, and go to state 35
    REGEXP  shift, and go to state 36
    LIKE    shift, and go to state 37
    IS      shift, and go to state 38
    PLUS    shift, and go to state 39
    MINUS   shift, and go to state 40
    MUL     shift, and go to state 41
    DIV     shift, and go to state 42
    INTDIV  shift, and go to state 43
    MOD     shift, and go to state 44
    CONCAT  shift, and go to state 45
    POW     shift, and go to state 46
    NOT     shift, and go to state 47
    IN      shift, and go to state 48
    END     shift, and go to state 91
    '['     shift, and go to state 49


State 84

    3 expression: expression . AND expression
    4           | expression . OR expression
    5           | expression . EQ expression
    6           | expression . NE expression
    7           | expression . LE expression
    8           | expression . GE expression
    9           | expression . LT expression
   10           | expression . GT expression
   11           | expression . REGEXP expression
   12           | expression . LIKE expression
   13           | expression . IS expression
   14           | expression . PLUS expression
   15           | expression . MINUS expression
   16           | expression . MUL expression
   17           | expression . INTDIV expression
   18           | expression . DIV expression
   19           | expression . MOD expression
   20           | expression . POW expression
   21           | expression . CONCAT expression
   26           | expression . IN '(' exp_list ')'
   27           | expression . NOT IN '(' exp_list ')'
   28           | expression . '[' expression ']'
   42 named_node: NAMED_NODE expression .

    OR      shift, and go to state 28
    AND     shift, and go to state 29
    EQ      shift, and go to state 30
    NE      shift, and go to state 31
    LE      shift, and go to state 32
    GE      shift, and go to state 33
    LT      shift, and go to state 34
    GT      shift, and go to state 35
    REGEXP  shift, and go to state 36
    LIKE    shift, and go to state 37
    IS      shift, and go to state 38
    PLUS    shift, and go to state 39
    MINUS   shift, and go to state 40
    MUL     shift, and go to state 41
    DIV     shift, and go to state 42
    INTDIV  shift, and go to state 43
    MOD     shift, and go to state 44
    CONCAT  shift, and go to state 45
    POW     shift, and go to state 46
    NOT     shift, and go to state 47
    IN      shift, and go to state 48
    '['     shift, and go to state 49

    $default  reduce using rule 42 (named_node)


State 85

   43 exp_list: exp_list COMMA . expression
   44         | exp_list COMMA . named_node

    PLUS               shift, and go to state 2
    MINUS              shift, and go to state 3
    NOT                shift, and go to state 4
    NUMBER_FLOAT       shift, and go to state 5
    NUMBER_INT         shift, and go to state 6
    BOOLEAN            shift, and go to state 7
    NULLVALUE          shift, and go to state 8
    CASE               shift, and go to state 9
    STRING             shift, and go to state 10
    QUOTED_COLUMN_REF  shift, and go to state 11
    NAME               shift, and go to state 12
    SPECIAL_COL        shift, and go to state 13
    VARIABLE           shift, and go to state 14
    NAMED_NODE         shift, and go to state 54
    '('                shift, and go to state 15

    expression  go to state 92
    named_node  go to state 93


State 86

   24 expression: NAME '(' exp_list ')' .

    $default  reduce using rule 24 (expression)


State 87

   27 expression: expression NOT IN '(' . exp_list ')'

    PLUS               shift, and go to state 2
    MINUS              shift, and go to state 3
    NOT                shift, and go to state 4
    NUMBER_FLOAT       shift, and go to state 5
    NUMBER_INT         shift, and go to state 6
    BOOLEAN            shift, and go to state 7
    NULLVALUE          shift, and go to state 8
    CASE               shift, and go to state 9
    STRING             shift, and go to state 10
    QUOTED_COLUMN_REF  shift, and go to state 11
    NAME               shift, and go to state 12
    SPECIAL_COL        shift, and go to state 13
    VARIABLE           shift, and go to state 14
    NAMED_NODE         shift, and go to state 54
    '('                shift, and go to state 15

    expression  go to state 56
    named_node  go to state 57
    exp_list    go to state 94


State 88

   26 expression: expression IN '(' exp_list . ')'
   43 exp_list: exp_list . COMMA expression
   44         | exp_list . COMMA named_node

    COMMA  shift, and go to state 85
    ')'    shift, and go to state 95


State 89

   28 expression: expression '[' expression ']' .

    $default  reduce using rule 28 (expression)


State 90

    3 expression: expression . AND expression
    4           | expression . OR expression
    5           | expression . EQ expression
    6           | expression . NE expression
    7           | expression . LE expression
    8           | expression . GE expression
    9           | expression . LT expression
   10           | expression . GT expression
   11           | expression . REGEXP expression
   12           | expression . LIKE expression
   13           | expression . IS expression
   14           | expression . PLUS expression
   15           | expression . MINUS expression
   16           | expression . MUL expression
   17           | expression . INTDIV expression
   18           | expression . DIV expression
   19           | expression . MOD expression
   20           | expression . POW expression
   21           | expression . CONCAT expression
   26           | expression . IN '(' exp_list ')'
   27           | expression . NOT IN '(' exp_list ')'
   28           | expression . '[' expression ']'
   49 when_then_clause: WHEN expression THEN expression .

    OR      shift, and go to state 28
    AND     shift, and go to state 29
    EQ      shift, and go to state 30
    NE      shift, and go to state 31
    LE      shift, and go to state 32
    GE      shift, and go to state 33
    LT      shift, and go to state 34
    GT      shift, and go to state 35
    REGEXP  shift, and go to state 36
    LIKE    shift, and go to state 37
    IS      shift, and go to state 38
    PLUS    shift, and go to state 39
    MINUS   shift, and go to state 40
    MUL     shift, and go to state 41
    DIV     shift, and go to state 42
    INTDIV  shift, and go to state 43
    MOD     shift, and go to state 44
    CONCAT  shift, and go to state 45
    POW     shift, and go to state 46
    NOT     shift, and go to state 47
    IN      shift, and go to state 48
    '['     shift, and go to state 49

    $default  reduce using rule 49 (when_then_clause)


State 91

   32 expression: CASE when_then_clauses ELSE expression END .

    $default  reduce using rule 32 (expression)


State 92

    3 expression: expression . AND expression
    4           | expression . OR expression
    5           | expression . EQ expression
    6           | expression . NE expression
    7           | expression . LE expression
    8           | expression . GE expression
    9           | expression . LT expression
   10           | expression . GT expression
   11           | expression . REGEXP expression
   12           | expression . LIKE expression
   13           | expression . IS expression
   14           | expression . PLUS expression
   15           | expression . MINUS expression
   16           | expression . MUL expression
   17           | expression . INTDIV expression
   18           | expression . DIV expression
   19           | expression . MOD expression
   20           | expression . POW expression
   21           | expression . CONCAT expression
   26           | expression . IN '(' exp_list ')'
   27           | expression . NOT IN '(' exp_list ')'
   28           | expression . '[' expression ']'
   43 exp_list: exp_list COMMA expression .

    OR      shift, and go to state 28
    AND     shift, and go to state 29
    EQ      shift, and go to state 30
    NE      shift, and go to state 31
    LE      shift, and go to state 32
    GE      shift, and go to state 33
    LT      shift, and go to state 34
    GT      shift, and go to state 35
    REGEXP  shift, and go to state 36
    LIKE    shift, and go to state 37
    IS      shift, and go to state 38
    PLUS    shift, and go to state 39
    MINUS   shift, and go to state 40
    MUL     shift, and go to state 41
    DIV     shift, and go to state 42
    INTDIV  shift, and go to state 43
    MOD     shift, and go to state 44
    CONCAT  shift, and go to state 45
    POW     shift, and go to state 46
    NOT     shift, and go to state 47
    IN      shift, and go to state 48
    '['     shift, and go to state 49

    $default  reduce using rule 43 (exp_list)


State 93

   44 exp_list: exp_list COMMA named_node .

    $default  reduce using rule 44 (exp_list)


State 94

   27 expression: expression NOT IN '(' exp_list . ')'
   43 exp_list: exp_list . COMMA expression
   44         | exp_list . COMMA named_node

    COMMA  shift, and go to state 85
    ')'    shift, and go to state 96


State 95

   26 expression: expression IN '(' exp_list ')' .

    $default  reduce using rule 26 (expression)


State 96

   27 expression: expression NOT IN '(' exp_list ')' .

    $default  reduce using rule 27 (expression)
